<?xml version="1.0" encoding="UTF-8" standalone="yes"?><!DOCTYPE report PUBLIC "-//JACOCO//DTD Report 1.0//EN" "report.dtd"><report name="JaCoCo"><sessioninfo id="DESKTOP-FEEDKL7-98d1261d" start="1574488125161" dump="1574488126667"/><sessioninfo id="DESKTOP-FEEDKL7-ec60d210" start="1574488900905" dump="1574488902473"/><sessioninfo id="DESKTOP-FEEDKL7-aeab5cf9" start="1574489234892" dump="1574489236775"/><sessioninfo id="DESKTOP-FEEDKL7-ca61111d" start="1574489510722" dump="1574489512103"/><sessioninfo id="DESKTOP-FEEDKL7-6b479ebc" start="1574489563405" dump="1574489564699"/><sessioninfo id="DESKTOP-FEEDKL7-36983e8e" start="1574489659849" dump="1574489661275"/><sessioninfo id="DESKTOP-FEEDKL7-b74ab33f" start="1574489772810" dump="1574489774172"/><sessioninfo id="DESKTOP-FEEDKL7-1bf25691" start="1574489956823" dump="1574489958149"/><sessioninfo id="DESKTOP-FEEDKL7-8bb4eb77" start="1574490044882" dump="1574490046206"/><sessioninfo id="DESKTOP-FEEDKL7-33450b48" start="1574490328722" dump="1574490330243"/><sessioninfo id="DESKTOP-FEEDKL7-71d2a611" start="1574490660621" dump="1574490661924"/><sessioninfo id="DESKTOP-FEEDKL7-88089d73" start="1574490713069" dump="1574490714326"/><sessioninfo id="DESKTOP-FEEDKL7-fcfe31b4" start="1574490780570" dump="1574490781895"/><sessioninfo id="DESKTOP-FEEDKL7-dc602808" start="1574490874237" dump="1574490875709"/><sessioninfo id="DESKTOP-FEEDKL7-3abc96dc" start="1574490938002" dump="1574490939321"/><sessioninfo id="DESKTOP-FEEDKL7-2671a922" start="1574490978727" dump="1574490980192"/><sessioninfo id="DESKTOP-FEEDKL7-93ad670a" start="1574491047472" dump="1574491048807"/><sessioninfo id="DESKTOP-FEEDKL7-2687845d" start="1574491152196" dump="1574491153460"/><sessioninfo id="DESKTOP-FEEDKL7-9ec6ae43" start="1574491217555" dump="1574491218961"/><sessioninfo id="DESKTOP-FEEDKL7-8ab7c351" start="1574491259797" dump="1574491261311"/><sessioninfo id="DESKTOP-FEEDKL7-1c503275" start="1574491351644" dump="1574491353072"/><sessioninfo id="DESKTOP-FEEDKL7-fe46b39e" start="1574492025050" dump="1574492026845"/><sessioninfo id="DESKTOP-FEEDKL7-21a8ce5b" start="1574492083175" dump="1574492084430"/><sessioninfo id="DESKTOP-FEEDKL7-6193ce65" start="1574492190245" dump="1574492191683"/><sessioninfo id="DESKTOP-FEEDKL7-ce3fd6a1" start="1574492727432" dump="1574492728809"/><sessioninfo id="DESKTOP-FEEDKL7-d3074056" start="1574492860151" dump="1574492861626"/><sessioninfo id="DESKTOP-FEEDKL7-f208fc32" start="1574492941633" dump="1574492943094"/><sessioninfo id="DESKTOP-FEEDKL7-afcfcc1a" start="1574493117442" dump="1574493119052"/><sessioninfo id="DESKTOP-FEEDKL7-ce6b0139" start="1574493191130" dump="1574493192536"/><sessioninfo id="DESKTOP-FEEDKL7-ab248ef6" start="1574493620679" dump="1574493622355"/><sessioninfo id="DESKTOP-FEEDKL7-74dfedd1" start="1574493665844" dump="1574493667246"/><sessioninfo id="DESKTOP-FEEDKL7-42f8f990" start="1574493717821" dump="1574493719713"/><sessioninfo id="DESKTOP-FEEDKL7-b362d1dd" start="1574493914278" dump="1574493916229"/><sessioninfo id="DESKTOP-FEEDKL7-18121b6d" start="1574494650734" dump="1574494652228"/><sessioninfo id="DESKTOP-FEEDKL7-b46bfab1" start="1574494716830" dump="1574494718583"/><sessioninfo id="DESKTOP-FEEDKL7-108bfa19" start="1574494790996" dump="1574494792595"/><sessioninfo id="DESKTOP-FEEDKL7-50c1dd95" start="1574494830551" dump="1574494832047"/><sessioninfo id="DESKTOP-FEEDKL7-68699e55" start="1574494923519" dump="1574494925108"/><sessioninfo id="DESKTOP-FEEDKL7-971d0640" start="1574494986926" dump="1574494988593"/><sessioninfo id="DESKTOP-FEEDKL7-16f9d547" start="1574495035914" dump="1574495037546"/><sessioninfo id="DESKTOP-FEEDKL7-52353f9b" start="1574495223892" dump="1574495225450"/><sessioninfo id="DESKTOP-FEEDKL7-96c92b37" start="1574498010675" dump="1574498012907"/><sessioninfo id="DESKTOP-FEEDKL7-fb4717aa" start="1574498041387" dump="1574498042867"/><package name="com/test/jacoco"><class name="com/test/jacoco/HelloWorld"><method name="&lt;init&gt;" desc="()V" line="7"><counter type="INSTRUCTION" missed="0" covered="3"/><counter type="LINE" missed="0" covered="2"/><counter type="COMPLEXITY" missed="0" covered="1"/><counter type="METHOD" missed="0" covered="1"/></method><method name="Method1" desc="()Ljava/lang/String;" line="12"><counter type="INSTRUCTION" missed="0" covered="2"/><counter type="LINE" missed="0" covered="1"/><counter type="COMPLEXITY" missed="0" covered="1"/><counter type="METHOD" missed="0" covered="1"/></method><method name="Method2" desc="(II)I" line="16"><counter type="INSTRUCTION" missed="0" covered="4"/><counter type="LINE" missed="0" covered="1"/><counter type="COMPLEXITY" missed="0" covered="1"/><counter type="METHOD" missed="0" covered="1"/></method><method name="Method3" desc="(III)I" line="20"><counter type="INSTRUCTION" missed="0" covered="26"/><counter type="BRANCH" missed="0" covered="10"/><counter type="LINE" missed="0" covered="6"/><counter type="COMPLEXITY" missed="0" covered="6"/><counter type="METHOD" missed="0" covered="1"/></method><method name="Method4" desc="(IIIIF)I" line="32"><counter type="INSTRUCTION" missed="0" covered="25"/><counter type="BRANCH" missed="1" covered="7"/><counter type="LINE" missed="0" covered="7"/><counter type="COMPLEXITY" missed="1" covered="4"/><counter type="METHOD" missed="0" covered="1"/></method><method name="bug" desc="(I)Z" line="44"><counter type="INSTRUCTION" missed="0" covered="7"/><counter type="BRANCH" missed="0" covered="2"/><counter type="LINE" missed="0" covered="2"/><counter type="COMPLEXITY" missed="0" covered="2"/><counter type="METHOD" missed="0" covered="1"/></method><method name="isTriangle" desc="(III)Z" line="54"><counter type="INSTRUCTION" missed="0" covered="27"/><counter type="BRANCH" missed="0" covered="12"/><counter type="LINE" missed="0" covered="3"/><counter type="COMPLEXITY" missed="0" covered="7"/><counter type="METHOD" missed="0" covered="1"/></method><method name="isBirthday" desc="(III)Z" line="64"><counter type="INSTRUCTION" missed="0" covered="100"/><counter type="BRANCH" missed="0" covered="52"/><counter type="LINE" missed="0" covered="19"/><counter type="COMPLEXITY" missed="0" covered="27"/><counter type="METHOD" missed="0" covered="1"/></method><method name="miniCalculator" desc="(DDC)Ljava/lang/Double;" line="95"><counter type="INSTRUCTION" missed="0" covered="29"/><counter type="BRANCH" missed="0" covered="5"/><counter type="LINE" missed="0" covered="8"/><counter type="COMPLEXITY" missed="0" covered="5"/><counter type="METHOD" missed="0" covered="1"/></method><counter type="INSTRUCTION" missed="0" covered="223"/><counter type="BRANCH" missed="1" covered="88"/><counter type="LINE" missed="0" covered="49"/><counter type="COMPLEXITY" missed="1" covered="54"/><counter type="METHOD" missed="0" covered="9"/><counter type="CLASS" missed="0" covered="1"/></class><sourcefile name="HelloWorld.java"><line nr="7" mi="0" ci="2" mb="0" cb="0"/><line nr="9" mi="0" ci="1" mb="0" cb="0"/><line nr="12" mi="0" ci="2" mb="0" cb="0"/><line nr="16" mi="0" ci="4" mb="0" cb="0"/><line nr="20" mi="0" ci="7" mb="0" cb="6"/><line nr="21" mi="0" ci="4" mb="0" cb="0"/><line nr="23" mi="0" ci="6" mb="0" cb="4"/><line nr="24" mi="0" ci="4" mb="0" cb="0"/><line nr="27" mi="0" ci="3" mb="0" cb="0"/><line nr="29" mi="0" ci="2" mb="0" cb="0"/><line nr="32" mi="0" ci="2" mb="0" cb="2"/><line nr="33" mi="0" ci="2" mb="0" cb="0"/><line nr="35" mi="0" ci="2" mb="0" cb="0"/><line nr="37" mi="0" ci="10" mb="1" cb="5"/><line nr="38" mi="0" ci="2" mb="0" cb="0"/><line nr="40" mi="0" ci="5" mb="0" cb="0"/><line nr="41" mi="0" ci="2" mb="0" cb="0"/><line nr="44" mi="0" ci="5" mb="0" cb="2"/><line nr="45" mi="0" ci="2" mb="0" cb="0"/><line nr="54" mi="0" ci="8" mb="0" cb="6"/><line nr="55" mi="0" ci="17" mb="0" cb="6"/><line nr="56" mi="0" ci="2" mb="0" cb="0"/><line nr="64" mi="0" ci="6" mb="0" cb="4"/><line nr="65" mi="0" ci="2" mb="0" cb="0"/><line nr="66" mi="0" ci="6" mb="0" cb="4"/><line nr="67" mi="0" ci="2" mb="0" cb="0"/><line nr="68" mi="0" ci="6" mb="0" cb="4"/><line nr="69" mi="0" ci="2" mb="0" cb="0"/><line nr="70" mi="0" ci="6" mb="0" cb="4"/><line nr="71" mi="0" ci="2" mb="0" cb="0"/><line nr="72" mi="0" ci="9" mb="0" cb="6"/><line nr="73" mi="0" ci="2" mb="0" cb="0"/><line nr="74" mi="0" ci="15" mb="0" cb="10"/><line nr="75" mi="0" ci="2" mb="0" cb="0"/><line nr="76" mi="0" ci="3" mb="0" cb="2"/><line nr="77" mi="0" ci="21" mb="0" cb="14"/><line nr="79" mi="0" ci="5" mb="0" cb="2"/><line nr="80" mi="0" ci="2" mb="0" cb="0"/><line nr="83" mi="0" ci="5" mb="0" cb="2"/><line nr="84" mi="0" ci="2" mb="0" cb="0"/><line nr="87" mi="0" ci="2" mb="0" cb="0"/><line nr="95" mi="0" ci="2" mb="0" cb="0"/><line nr="96" mi="0" ci="2" mb="0" cb="5"/><line nr="97" mi="0" ci="5" mb="0" cb="0"/><line nr="98" mi="0" ci="5" mb="0" cb="0"/><line nr="99" mi="0" ci="5" mb="0" cb="0"/><line nr="100" mi="0" ci="5" mb="0" cb="0"/><line nr="101" mi="0" ci="2" mb="0" cb="0"/><line nr="103" mi="0" ci="3" mb="0" cb="0"/><counter type="INSTRUCTION" missed="0" covered="223"/><counter type="BRANCH" missed="1" covered="88"/><counter type="LINE" missed="0" covered="49"/><counter type="COMPLEXITY" missed="1" covered="54"/><counter type="METHOD" missed="0" covered="9"/><counter type="CLASS" missed="0" covered="1"/></sourcefile><counter type="INSTRUCTION" missed="0" covered="223"/><counter type="BRANCH" missed="1" covered="88"/><counter type="LINE" missed="0" covered="49"/><counter type="COMPLEXITY" missed="1" covered="54"/><counter type="METHOD" missed="0" covered="9"/><counter type="CLASS" missed="0" covered="1"/></package><counter type="INSTRUCTION" missed="0" covered="223"/><counter type="BRANCH" missed="1" covered="88"/><counter type="LINE" missed="0" covered="49"/><counter type="COMPLEXITY" missed="1" covered="54"/><counter type="METHOD" missed="0" covered="9"/><counter type="CLASS" missed="0" covered="1"/></report>